platform: Linux 4.11.6-1-ARCH #1 SMP PREEMPT Sat Jun 17 08:19:42 CEST 2017 x86_64
version: 2.5.4.1009
[13:08:02.268] VerifyFileWithHash failed on file /home/jwuensche/workspace/Machine Learning/.sync/settings.dat with status 2.
[13:08:02.268] VerifyFileWithHash failed on file /home/jwuensche/workspace/Machine Learning/.sync/settings.dat with status 2.
[13:08:02.268] VerifyFileWithHash failed on file /home/jwuensche/workspace/Machine Learning/.sync/settings.dat with status 2.
[20171101 13:08:02.269] ZIP: Can't locate [version] in zip, error -100.
[20171101 13:08:02.271] Directory root is ""
[20171101 13:08:02.271] test sha1: AE5BD8EFEA5322C4D9986D06680A781392F9A642
[20171101 13:08:02.271] test sha2: 630DCD2966C4336691125448BBB25B4FF412A49C732DB2C8ABC1B8581BD710DD
[20171101 13:08:02.272] test aes: 0A940BB5416EF045F1C39458C653EA5A07FEEF74E1D5036E900EEE118E949293
[20171101 13:08:02.274] diskio_controller created
[20171101 13:08:02.274] VerifyFileWithHash failed on file ./.sync//settings.dat with status 2.
[20171101 13:08:02.274] VerifyFileWithHash failed on file ./.sync//settings.dat with status 2.
[20171101 13:08:02.274] VerifyFileWithHash failed on file ./.sync//settings.dat with status 2.
[20171101 13:08:02.278] register diskio completion queue with id 1
[20171101 13:08:02.278] PLC[0x0000560a9780ea70] binding on 0.0.0.0:55889
[20171101 13:08:02.278] D! 20PeerListenConnection::listen[0x0000560a9780ea70][8] bound listening socket 8 to IP 0.0.0.0:55889
[20171101 13:08:02.278] PLC[0x0000560a9780eab0] binding on [::]:55889
[20171101 13:08:02.278] D! 20PeerListenConnection::listen[0x0000560a9780eab0][9] bound listening socket 9 to IP [::]:55889
[20171101 13:08:02.278] UDP: bound listening socket 10 to IP 0.0.0.0:55889
[20171101 13:08:02.278] UDP: bound listening socket 11 to IP [::]:55889
[20171101 13:08:02.278] D! 20HttpListenConnection::listen[0x0000560a97809890][12] bound listening socket 12 to IP 127.0.0.1:8888
[20171101 13:08:02.283] register diskio completion queue with id 2
[20171101 13:08:02.285] Create diskio thread for drive with id 4512881742, path: 
[20171101 13:08:02.285] Create diskio thread for drive with id 4949538975, path: 
[20171101 13:08:02.285] Create diskio thread for drive with id 4628375629, path: 
[20171101 13:08:02.286] diskio thread start, drive_id = 4949538975, priority = normal
[20171101 13:08:02.286] diskio thread start, drive_id = 4512881742, priority = normal
[20171101 13:08:02.286] Create diskio thread for drive with id 5115661415, path: 
[20171101 13:08:02.286] diskio thread start, drive_id = 4628375629, priority = normal
[20171101 13:08:02.286] diskio thread start, drive_id = 5115661415, priority = normal
[20171101 13:08:02.286] IPv6 is installed
[20171101 13:08:02.286] VerifyFileWithHash failed on file ./.sync//sync.dat with status 2.
[20171101 13:08:02.286] VerifyFileWithHash failed on file ./.sync//sync.dat with status 2.
[20171101 13:08:02.286] VerifyFileWithHash failed on file ./.sync//sync.dat with status 2.
[20171101 13:08:02.286] Unsupported or empty sync.dat file
[20171101 13:08:02.286] My PeerID: 10625296EC63063E8AB5B6D8AA19B5AD77DE4A49
[20171101 13:08:02.286] LC: LoadLicenses: there is no pro license
[20171101 13:08:02.286] VerifyFileWithHash failed on file ./.sync//history.dat with status 2.
[20171101 13:08:02.286] VerifyFileWithHash failed on file ./.sync//history.dat with status 2.
[20171101 13:08:02.286] VerifyFileWithHash failed on file ./.sync//history.dat with status 2.
[20171101 13:08:02.286] Joining to the multicast group 239.192.0.0:3838 on interface 127.0.0.1 (lo)
[20171101 13:08:02.287] Create diskio thread for drive with id 18446744073709551614, path: 
[20171101 13:08:02.287] diskio thread start, drive_id = 18446744073709551614, priority = normal
[20171101 13:08:02.288] Scheduler: Apply global rule, download limit: -1, upload limit: -1
[20171101 13:08:02.288] CoreState: Total memory: 8288202752, used by Sync: 7667712, percentage used: 0.09
[20171101 13:08:02.288] message thread start
[20171101 13:08:05.289] Debug log mask has been set to FFFFFFFF
[20171101 13:08:05.290] Features mask has been set to 0
[20171101 13:08:14.521] NAT-PMP: Unable to map port with NAT-PMP.
[20171101 13:08:33.458] OpenSSL: Loaded X509 trusted CA from "/etc/ssl/certs/ca-certificates.crt"
[20171101 13:13:03.949] CoreState: Total memory: 8288202752, used by Sync: 10924032, percentage used: 0.13
[20171101 13:18:03.621] CoreState: Total memory: 8288202752, used by Sync: 10924032, percentage used: 0.13
[20171101 13:23:03.792] Unload diskio thread for drive with id 4512881742, path: 
[20171101 13:23:03.792] diskio thread stop, drive_id = 4512881742
[20171101 13:23:03.792] diskio destroy, drive_id = 4512881742
[20171101 13:23:03.792] Unload diskio thread for drive with id 4628375629, path: 
[20171101 13:23:03.792] diskio thread stop, drive_id = 4628375629
[20171101 13:23:03.792] diskio destroy, drive_id = 4628375629
[20171101 13:23:03.792] Unload diskio thread for drive with id 4949538975, path: 
[20171101 13:23:03.792] diskio thread stop, drive_id = 4949538975
[20171101 13:23:03.792] diskio destroy, drive_id = 4949538975
[20171101 13:23:03.792] Unload diskio thread for drive with id 5115661415, path: 
[20171101 13:23:03.793] diskio thread stop, drive_id = 5115661415
[20171101 13:23:03.793] diskio destroy, drive_id = 5115661415
[20171101 13:23:04.793] CoreState: Total memory: 8288202752, used by Sync: 10940416, percentage used: 0.13
[20171101 13:28:04.969] CoreState: Total memory: 8288202752, used by Sync: 10940416, percentage used: 0.13
[20171101 13:33:06.639] CoreState: Total memory: 8288202752, used by Sync: 10940416, percentage used: 0.13
[20171101 13:38:07.805] CoreState: Total memory: 8288202752, used by Sync: 10940416, percentage used: 0.13
[20171101 13:43:10.973] CoreState: Total memory: 8288202752, used by Sync: 10940416, percentage used: 0.13
[20171101 13:48:13.133] CoreState: Total memory: 8288202752, used by Sync: 10940416, percentage used: 0.13
[20171101 13:53:15.799] CoreState: Total memory: 8288202752, used by Sync: 10940416, percentage used: 0.13
[20171101 13:55:16.076] [NETLINK] Network intrfaces configuration was changed
[20171101 13:55:16.076] Posting message to change network to NO_NETWORK
[20171101 13:55:16.076] Got network change event (suggested type: NO_NETWORK)
[20171101 13:55:16.205] We are about network reload
[20171101 13:55:16.206] Joining to the multicast group 239.192.0.0:3838 on interface 127.0.0.1 (lo)
[20171101 13:55:16.206] PLC[0x0000560a9780ea70] binding on 0.0.0.0:55889
[20171101 13:55:16.206] D! 20PeerListenConnection::listen[0x0000560a9780ea70][8] bound listening socket 8 to IP 0.0.0.0:55889
[20171101 13:55:16.206] PLC[0x0000560a9780eab0] binding on [::]:55889
[20171101 13:55:16.206] D! 20PeerListenConnection::listen[0x0000560a9780eab0][9] bound listening socket 9 to IP [::]:55889
[20171101 13:55:16.206] UDP: bound listening socket 10 to IP 0.0.0.0:55889
[20171101 13:55:16.206] UDP: bound listening socket 11 to IP [::]:55889
[20171101 13:55:16.206] D! 20HttpListenConnection::listen[0x00007f3b7c002cd0][12] bound listening socket 12 to IP 127.0.0.1:8888
[20171101 13:55:16.207] Stop transfers: cur(0) new(1)
[20171101 13:55:16.207] Start transfers: cur state (1) sync allowed (1)
